
════════════════════════════════════════════════════════
  🔬 BENCHMARK IMPORT ACD - 20 BASES
════════════════════════════════════════════════════════
[2025-11-24 00:06:02] [INFO] ℹ️  Sélection de 20 bases pour le benchmark...
[2025-11-24 00:06:02] [INFO] ℹ️  20 bases sélectionnées pour le benchmark

════════════════════════════════════════════════════════
  Tests avec parallélisme = 1
════════════════════════════════════════════════════════
[2025-11-24 00:06:02] [INFO] ℹ️  Test Méthode 1 (INSERT SELECT) - Parallélisme: 1
[2025-11-24 00:06:07] [INFO] ℹ️  Test Méthode 2 (MYSQLDUMP SÉLECTIF) - Parallélisme: 1
[2025-11-24 00:06:18] [INFO] ℹ️  Test Méthode 3 (MYSQLDUMP COMPLET) - Parallélisme: 1

════════════════════════════════════════════════════════
  Tests avec parallélisme = 2
════════════════════════════════════════════════════════
[2025-11-24 00:13:23] [INFO] ℹ️  Test Méthode 1 (INSERT SELECT) - Parallélisme: 2
[2025-11-24 00:13:26] [INFO] ℹ️  Test Méthode 2 (MYSQLDUMP SÉLECTIF) - Parallélisme: 2
[2025-11-24 00:13:35] [INFO] ℹ️  Test Méthode 3 (MYSQLDUMP COMPLET) - Parallélisme: 2

════════════════════════════════════════════════════════
  Tests avec parallélisme = 3
════════════════════════════════════════════════════════
[2025-11-24 00:18:27] [INFO] ℹ️  Test Méthode 1 (INSERT SELECT) - Parallélisme: 3
[2025-11-24 00:18:30] [INFO] ℹ️  Test Méthode 2 (MYSQLDUMP SÉLECTIF) - Parallélisme: 3
[2025-11-24 00:18:34] [INFO] ℹ️  Test Méthode 3 (MYSQLDUMP COMPLET) - Parallélisme: 3

════════════════════════════════════════════════════════
  📊 GÉNÉRATION DU RAPPORT FINAL
════════════════════════════════════════════════════════

════════════════════════════════════════════════════════
  🔬 BENCHMARK IMPORT ACD - 20 BASES (INSERT SELECT optimisé)
════════════════════════════════════════════════════════
[2025-11-24 00:52:17] [INFO] ℹ️  Sélection de 20 bases pour le benchmark...
[2025-11-24 00:52:17] [INFO] ℹ️  20 bases sélectionnées pour le benchmark

════════════════════════════════════════════════════════
  Tests avec parallélisme = 1
════════════════════════════════════════════════════════

════════════════════════════════════════════════════════
  Tests avec parallélisme = 2
════════════════════════════════════════════════════════

════════════════════════════════════════════════════════
  Tests avec parallélisme = 3
════════════════════════════════════════════════════════

════════════════════════════════════════════════════════
  📊 GÉNÉRATION DU RAPPORT FINAL
════════════════════════════════════════════════════════

════════════════════════════════════════════════════════
  🔬 BENCHMARK IMPORT ACD - 10 tests (P=1, bases lourdes)
════════════════════════════════════════════════════════
[2025-11-24 01:30:44] [INFO] ℹ️  Nombre de bases utilisées : 9

════════════════════════════════════════════════════════
  Test M1 : INSERT SELECT SANS batching
════════════════════════════════════════════════════════
[2025-11-24 01:30:47] [INFO] ℹ️  [test_m1_raw_acd] Création index/partitions : 2s
[2025-11-24 01:30:47] [INFO] ℹ️  [M1] Import=1s + Index=[2025-11-24 01:30:47] [INFO] ℹ️  [test_m1_raw_acd] Création index/partitions : 2s
2s -> Total=3s - Lignes: 34

════════════════════════════════════════════════════════
  Test M1-2 : INSERT SELECT batching ÉCRITURES (batch=50000)
════════════════════════════════════════════════════════
[2025-11-24 01:30:54] [INFO] ℹ️  [test_m1_2_raw_acd] Création index/partitions : 2s
[2025-11-24 01:30:54] [INFO] ℹ️  [M1-2] Import=4s + Index=[2025-11-24 01:30:54] [INFO] ℹ️  [test_m1_2_raw_acd] Création index/partitions : 2s
2s -> Total=6s - Lignes: 34

════════════════════════════════════════════════════════
  Test M1-3 : INSERT SELECT batching ÉCRITURES (batch=100000)
════════════════════════════════════════════════════════
[2025-11-24 01:31:00] [INFO] ℹ️  [test_m1_3_raw_acd] Création index/partitions : 2s
[2025-11-24 01:31:00] [INFO] ℹ️  [M1-3] Import=3s + Index=[2025-11-24 01:31:00] [INFO] ℹ️  [test_m1_3_raw_acd] Création index/partitions : 2s
2s -> Total=5s - Lignes: 34

════════════════════════════════════════════════════════
  Test M2 : INSERT SELECT batching TOUTES tables (batch=50000)
════════════════════════════════════════════════════════
[2025-11-24 01:31:07] [INFO] ℹ️  [test_m2_raw_acd] Création index/partitions : 2s
[2025-11-24 01:31:07] [INFO] ℹ️  [M2] Import=4s + Index=[2025-11-24 01:31:07] [INFO] ℹ️  [test_m2_raw_acd] Création index/partitions : 2s
2s -> Total=6s - Lignes: 34

════════════════════════════════════════════════════════
  Test M2-2 : INSERT SELECT batching TOUTES tables (batch=50000)
════════════════════════════════════════════════════════
[2025-11-24 01:31:14] [INFO] ℹ️  [test_m2_2_raw_acd] Création index/partitions : 2s
[2025-11-24 01:31:14] [INFO] ℹ️  [M2-2] Import=4s + Index=[2025-11-24 01:31:14] [INFO] ℹ️  [test_m2_2_raw_acd] Création index/partitions : 2s
2s -> Total=6s - Lignes: 34

════════════════════════════════════════════════════════
  Test M2-3 : INSERT SELECT batching TOUTES tables (batch=100000)
════════════════════════════════════════════════════════
[2025-11-24 01:31:20] [INFO] ℹ️  [test_m2_3_raw_acd] Création index/partitions : 2s
[2025-11-24 01:31:20] [INFO] ℹ️  [M2-3] Import=3s + Index=[2025-11-24 01:31:20] [INFO] ℹ️  [test_m2_3_raw_acd] Création index/partitions : 2s
2s -> Total=5s - Lignes: 34

════════════════════════════════════════════════════════
  Test M3 : INSERT SELECT batching ÉCRITURES (batch=50000)
════════════════════════════════════════════════════════
[2025-11-24 01:31:27] [INFO] ℹ️  [test_m3_raw_acd] Création index/partitions : 2s
[2025-11-24 01:31:27] [INFO] ℹ️  [M3] Import=4s + Index=[2025-11-24 01:31:27] [INFO] ℹ️  [test_m3_raw_acd] Création index/partitions : 2s
2s -> Total=6s - Lignes: 34

════════════════════════════════════════════════════════
  Test M3-2 : INSERT SELECT batching ÉCRITURES (batch=50000)
════════════════════════════════════════════════════════
[2025-11-24 01:31:33] [INFO] ℹ️  [test_m3_2_raw_acd] Création index/partitions : 2s
[2025-11-24 01:31:33] [INFO] ℹ️  [M3-2] Import=4s + Index=[2025-11-24 01:31:33] [INFO] ℹ️  [test_m3_2_raw_acd] Création index/partitions : 2s
2s -> Total=6s - Lignes: 34

════════════════════════════════════════════════════════
  Test M3-3 : INSERT SELECT batching ÉCRITURES (batch=100000)
════════════════════════════════════════════════════════
[2025-11-24 01:31:39] [INFO] ℹ️  [test_m3_3_raw_acd] Création index/partitions : 2s
[2025-11-24 01:31:39] [INFO] ℹ️  [M3-3] Import=3s + Index=[2025-11-24 01:31:39] [INFO] ℹ️  [test_m3_3_raw_acd] Création index/partitions : 2s
2s -> Total=5s - Lignes: 34

════════════════════════════════════════════════════════
  Test M4 : DUMP COMPLET (mysqldump --databases)
════════════════════════════════════════════════════════
[2025-11-24 01:39:16] [INFO] ℹ️  [M4] Total=453s - Tables: 2439 - Lignes: 9108592

════════════════════════════════════════════════════════
  📊 RÉCAPITULATIF DES DURÉES
════════════════════════════════════════════════════════

════════════════════════════════════════════════════════
  📄 RAPPORT FINAL
════════════════════════════════════════════════════════
[2025-11-24 01:39:46] [SUCCESS] ✅ Benchmark terminé. Résultats : benchmark_results_20251124_013044.txt
